mode: atomic
github.com/IBM/mirbft/internal/sequence.go:42.97,43.30 1 2
github.com/IBM/mirbft/internal/sequence.go:47.2,55.8 3 1
github.com/IBM/mirbft/internal/sequence.go:43.30,45.3 1 1
github.com/IBM/mirbft/internal/sequence.go:58.107,59.28 1 3
github.com/IBM/mirbft/internal/sequence.go:63.2,63.33 1 2
github.com/IBM/mirbft/internal/sequence.go:69.2,81.8 3 1
github.com/IBM/mirbft/internal/sequence.go:59.28,61.3 1 1
github.com/IBM/mirbft/internal/sequence.go:63.33,67.3 2 1
github.com/IBM/mirbft/internal/sequence.go:84.85,87.26 2 1
github.com/IBM/mirbft/internal/sequence.go:92.2,94.40 2 1
github.com/IBM/mirbft/internal/sequence.go:98.2,99.37 2 1
github.com/IBM/mirbft/internal/sequence.go:105.2,105.31 1 1
github.com/IBM/mirbft/internal/sequence.go:109.2,120.8 2 1
github.com/IBM/mirbft/internal/sequence.go:87.26,89.3 1 0
github.com/IBM/mirbft/internal/sequence.go:94.40,96.3 1 0
github.com/IBM/mirbft/internal/sequence.go:99.37,100.44 1 3
github.com/IBM/mirbft/internal/sequence.go:100.44,102.4 1 3
github.com/IBM/mirbft/internal/sequence.go:105.31,107.3 1 0
github.com/IBM/mirbft/internal/sequence.go:123.71,126.25 2 0
github.com/IBM/mirbft/internal/sequence.go:130.2,132.38 2 0
github.com/IBM/mirbft/internal/sequence.go:136.2,137.35 2 0
github.com/IBM/mirbft/internal/sequence.go:143.2,143.30 1 0
github.com/IBM/mirbft/internal/sequence.go:147.2,149.12 2 0
github.com/IBM/mirbft/internal/sequence.go:126.25,128.3 1 0
github.com/IBM/mirbft/internal/sequence.go:132.38,134.3 1 0
github.com/IBM/mirbft/internal/sequence.go:137.35,138.43 1 0
github.com/IBM/mirbft/internal/sequence.go:138.43,140.4 1 0
github.com/IBM/mirbft/internal/sequence.go:143.30,145.3 1 0
